2025-01-09 22:25:13.888 [main] [34mINFO [0;39m c.j.c.WalletControllerTest - Starting WalletControllerTest using Java 17.0.12 with PID 7955 (started by stanislavkulbitski in /Users/stanislavkulbitski/Documents/Java learning/cryptowallet)
2025-01-09 22:25:13.888 [main] [34mINFO [0;39m c.j.c.WalletControllerTest - The following 1 profile is active: "local"
2025-01-09 22:25:13.987 [main] [34mINFO [0;39m o.s.b.w.e.tomcat.TomcatWebServer - Tomcat initialized with port 8008 (http)
2025-01-09 22:25:13.987 [main] [34mINFO [0;39m o.a.catalina.core.StandardService - Starting service [Tomcat]
2025-01-09 22:25:13.987 [main] [34mINFO [0;39m o.a.catalina.core.StandardEngine - Starting Servlet engine: [Apache Tomcat/10.1.33]
2025-01-09 22:25:13.995 [main] [34mINFO [0;39m o.a.c.c.C.[Tomcat].[localhost].[/] - Initializing Spring embedded WebApplicationContext
2025-01-09 22:25:13.995 [main] [34mINFO [0;39m o.s.b.w.s.c.ServletWebServerApplicationContext - Root WebApplicationContext: initialization completed in 107 ms
2025-01-09 22:25:14.106 [main] [34mINFO [0;39m o.a.c.c.C.[Tomcat].[localhost].[/] - Initializing Spring TestDispatcherServlet ''
2025-01-09 22:25:14.106 [main] [34mINFO [0;39m o.s.t.w.s.TestDispatcherServlet - Initializing Servlet ''
2025-01-09 22:25:14.106 [main] [34mINFO [0;39m o.s.t.w.s.TestDispatcherServlet - Completed initialization in 0 ms
2025-01-09 22:25:14.113 [main] [34mINFO [0;39m o.s.b.w.e.tomcat.TomcatWebServer - Tomcat started on port 8008 (http) with context path '/'
2025-01-09 22:25:14.115 [main] [34mINFO [0;39m c.j.c.WalletControllerTest - Started WalletControllerTest in 0.238 seconds (process running for 5.936)
2025-01-09 22:25:14.124 [http-nio-8008-exec-1] [34mINFO [0;39m o.a.c.c.C.[Tomcat].[localhost].[/] - Initializing Spring DispatcherServlet 'dispatcherServlet'
2025-01-09 22:25:14.124 [http-nio-8008-exec-1] [34mINFO [0;39m o.s.web.servlet.DispatcherServlet - Initializing Servlet 'dispatcherServlet'
2025-01-09 22:25:14.125 [http-nio-8008-exec-1] [34mINFO [0;39m o.s.web.servlet.DispatcherServlet - Completed initialization in 1 ms
2025-01-09 22:25:14.126 [http-nio-8008-exec-1] [34mINFO [0;39m c.j.c.aspect.LoggingAspect - NEW REQUEST: IP: 127.0.0.1, URL: http://localhost:8008/cryptowallet/balance/5c480ca5-2f96-4253-b59d-ad3bdc5d7218, HTTP METHOD: GET, CONTROLLER METHOD: com.javaacademy.cryptowallet.controller.WalletController.getRubleWalletBalance
2025-01-09 22:25:14.127 [http-nio-8008-exec-1] [34mINFO [0;39m c.j.c.aspect.LoggingAspect - RUN SERVICE: SERVICE METHOD: com.javaacademy.cryptowallet.service.impls.WalletServiceImpl.showWalletBalance
METHOD ARGUMENTS: [[5c480ca5-2f96-4253-b59d-ad3bdc5d7218]]
2025-01-09 22:25:14.127 [http-nio-8008-exec-1] [34mINFO [0;39m c.j.c.aspect.LoggingAspect - RUN SERVICE: SERVICE METHOD: com.javaacademy.cryptowallet.service.impls.CurrencyServiceMock.getUsdPrice
METHOD ARGUMENTS: [[BTC]]
2025-01-09 22:25:14.127 [http-nio-8008-exec-1] [34mINFO [0;39m c.j.c.aspect.LoggingAspect - RUN SERVICE: SERVICE METHOD: com.javaacademy.cryptowallet.service.impls.RubleConverterServiceMock.toRub
METHOD ARGUMENTS: [[100000]]
2025-01-09 22:25:14.127 [http-nio-8008-exec-1] [34mINFO [0;39m c.j.c.aspect.LoggingAspect - Return value: <200 OK OK,1000,[]>
